[15:54:43][INFO] ==================================================
[15:54:43][INFO] 스마트 주차 관리 시스템 시작
[15:54:43][INFO] ==================================================
[15:54:44][WARNING] ROI 매핑 없음 - M키로 매핑 모드 진입하세요.
[15:55:20][INFO] 카메라 시작 | M: 매핑  Q/ESC: 종료
[15:55:27][INFO] [매핑] roi_mapper 실행
[15:55:37][INFO] [매핑] 이미 실행 중입니다.
[15:55:38][INFO] [매핑] 이미 실행 중입니다.
[15:55:38][INFO] [매핑] 이미 실행 중입니다.
[15:55:38][INFO] [매핑] 이미 실행 중입니다.
[15:55:39][INFO] [매핑] 이미 실행 중입니다.
[15:55:39][INFO] [매핑] 이미 실행 중입니다.
[15:55:39][INFO] [매핑] 이미 실행 중입니다.
[15:55:39][INFO] [매핑] 이미 실행 중입니다.
[15:55:39][INFO] [매핑] 이미 실행 중입니다.
[15:55:39][INFO] [매핑] 이미 실행 중입니다.
[15:56:33][INFO] 종료
[15:56:34][INFO] 시스템 종료
[15:59:01][INFO] ==================================================
[15:59:01][INFO] 스마트 주차 관리 시스템 시작
[15:59:01][INFO] ==================================================
[15:59:02][WARNING] ROI 매핑 없음 - M키로 매핑 모드 진입하세요.
[15:59:33][INFO] 카메라 시작 | M: 매핑  Q/ESC: 종료
[15:59:41][INFO] [매핑] roi_mapper 실행
[16:00:24][INFO] [매핑] roi_mapper 실행
[16:01:13][INFO] 종료
[16:01:13][INFO] 시스템 종료
[16:05:47][INFO] ==================================================
[16:05:47][INFO] 스마트 주차 관리 시스템 시작
[16:05:47][INFO] ==================================================
[16:05:48][WARNING] ROI 매핑 없음 - M키로 매핑 모드 진입하세요.
[16:06:20][INFO] 카메라 시작 | M: 매핑  Q/ESC: 종료
[16:06:28][INFO] [매핑] 매핑 모드 진입
[16:06:39][INFO] [매핑] 매핑 모드 종료 → 일반 모드
[16:07:05][INFO] 종료
[16:07:05][INFO] 시스템 종료
[16:08:21][INFO] ==================================================
[16:08:21][INFO] 스마트 주차 관리 시스템 시작
[16:08:21][INFO] ==================================================
[16:08:23][WARNING] ROI 매핑 없음 - M키로 매핑 모드 진입하세요.
[16:08:53][INFO] 카메라 시작 | M: 매핑  Q/ESC: 종료
[16:09:07][INFO] [매핑] 매핑 모드 진입
[16:09:35][INFO] [매핑] 매핑 모드 종료 → 일반 모드
[16:09:37][INFO] 종료
[16:09:38][INFO] 시스템 종료
[16:13:36][INFO] ==================================================
[16:13:36][INFO] Smart Parking System Start
[16:13:36][INFO] ==================================================
[16:13:37][WARNING] No mapping - Press M to enter mapping mode
[16:14:08][INFO] Camera started | M: mapping  Q/ESC: quit
[16:14:35][INFO] Enter mapping mode
[16:14:43][INFO] Mapping mode exit | zones: []
[16:14:44][INFO] Enter mapping mode
[16:14:58][INFO] Mapping mode exit | zones: []
[16:14:59][INFO] Enter mapping mode
[16:16:28][INFO] Mapping mode exit | zones: ['A-1', 'A-2', 'B-1']
[16:16:46][INFO] Quit
[16:16:47][INFO] System stopped
[16:16:54][INFO] ==================================================
[16:16:54][INFO] Smart Parking System Start
[16:16:54][INFO] ==================================================
[16:16:55][INFO] Mapping loaded | zones: ['A-1', 'A-2', 'B-1']
[16:17:26][INFO] Camera started | M: mapping  Q/ESC: quit
[16:17:52][INFO] Quit
[16:17:52][INFO] System stopped
[23:38:34][INFO] ==================================================
[23:38:34][INFO] Smart Parking System Start
[23:38:34][INFO] ==================================================
[23:38:38][INFO] Mapping loaded | zones: ['A-1', 'A-2', 'B-1']
[23:38:39][INFO] Camera started | M: mapping  Q/ESC: quit
[23:42:48][INFO] Quit
[23:42:49][INFO] System stopped
[23:44:21][INFO] ==================================================
[23:44:21][INFO] Smart Parking System Start
[23:44:21][INFO] ==================================================
[23:44:25][INFO] Mapping loaded | zones: ['A-1', 'A-2', 'B-1']
[23:44:26][INFO] Camera started | M: mapping  Q/ESC: quit
[23:46:56][INFO] Quit
[23:46:56][INFO] System stopped
